In file included from ../../../../../taller2/conjunto-tests.cpp:1:
../../../../../taller2/gtest-1.8.1/gtest.h: In instantiation of ‘testing::AssertionResult testing::internal::CmpHelperEQ(const char*, const char*, const T1&, const T2&) [with T1 = unsigned int; T2 = int]’:
../../../../../taller2/gtest-1.8.1/gtest.h:21235:23:   required from ‘static testing::AssertionResult testing::internal::EqHelper<lhs_is_null_literal>::Compare(const char*, const char*, const T1&, const T2&) [with T1 = unsigned int; T2 = int; bool lhs_is_null_literal = false]’
../../../../../taller2/conjunto-tests.cpp:10:5:   required from here
../../../../../taller2/gtest-1.8.1/gtest.h:21207:11: warning: comparison of integer expressions of different signedness: ‘const unsigned int’ and ‘const int’ [-Wsign-compare]
21207 |   if (lhs == rhs) {
      |       ~~~~^~~~~~
/usr/bin/ld: /tmp/ccPspzmp.o: in function `conjunto_test_conjunto_vacio_Test::TestBody()':
conjunto-tests.cpp:(.text+0x28): undefined reference to `Conjunto<int>::Conjunto()'
/usr/bin/ld: conjunto-tests.cpp:(.text+0x3b): undefined reference to `Conjunto<int>::cardinal() const'
/usr/bin/ld: conjunto-tests.cpp:(.text+0xf4): undefined reference to `Conjunto<int>::~Conjunto()'
/usr/bin/ld: conjunto-tests.cpp:(.text+0x158): undefined reference to `Conjunto<int>::~Conjunto()'
/usr/bin/ld: /tmp/ccPspzmp.o: in function `conjunto_test_test_insertar_un_valor_Test::TestBody()':
conjunto-tests.cpp:(.text+0x19c): undefined reference to `Conjunto<int>::Conjunto()'
/usr/bin/ld: conjunto-tests.cpp:(.text+0x1b6): undefined reference to `Conjunto<int>::insertar(int const&)'
/usr/bin/ld: conjunto-tests.cpp:(.text+0x1c9): undefined reference to `Conjunto<int>::cardinal() const'
/usr/bin/ld: conjunto-tests.cpp:(.text+0x282): undefined reference to `Conjunto<int>::~Conjunto()'
/usr/bin/ld: conjunto-tests.cpp:(.text+0x2ef): undefined reference to `Conjunto<int>::~Conjunto()'
/usr/bin/ld: /tmp/ccPspzmp.o: in function `conjunto_test_test_insertar_cinco_valores_Test::TestBody()':
conjunto-tests.cpp:(.text+0x332): undefined reference to `Conjunto<int>::Conjunto()'
/usr/bin/ld: conjunto-tests.cpp:(.text+0x34c): undefined reference to `Conjunto<int>::insertar(int const&)'
/usr/bin/ld: conjunto-tests.cpp:(.text+0x366): undefined reference to `Conjunto<int>::insertar(int const&)'
/usr/bin/ld: conjunto-tests.cpp:(.text+0x380): undefined reference to `Conjunto<int>::insertar(int const&)'
/usr/bin/ld: conjunto-tests.cpp:(.text+0x39a): undefined reference to `Conjunto<int>::insertar(int const&)'
/usr/bin/ld: conjunto-tests.cpp:(.text+0x3b4): undefined reference to `Conjunto<int>::insertar(int const&)'
/usr/bin/ld: conjunto-tests.cpp:(.text+0x3c7): undefined reference to `Conjunto<int>::cardinal() const'
/usr/bin/ld: conjunto-tests.cpp:(.text+0x480): undefined reference to `Conjunto<int>::~Conjunto()'
/usr/bin/ld: conjunto-tests.cpp:(.text+0x4ed): undefined reference to `Conjunto<int>::~Conjunto()'
/usr/bin/ld: /tmp/ccPspzmp.o: in function `conjunto_test_test_pertenece_Test::TestBody()':
conjunto-tests.cpp:(.text+0x536): undefined reference to `Conjunto<int>::Conjunto()'
/usr/bin/ld: conjunto-tests.cpp:(.text+0x55c): undefined reference to `Conjunto<int>::pertenece(int const&) const'
/usr/bin/ld: conjunto-tests.cpp:(.text+0x659): undefined reference to `Conjunto<int>::insertar(int const&)'
/usr/bin/ld: conjunto-tests.cpp:(.text+0x68b): undefined reference to `Conjunto<int>::pertenece(int const&) const'
/usr/bin/ld: conjunto-tests.cpp:(.text+0x760): undefined reference to `Conjunto<int>::insertar(int const&)'
/usr/bin/ld: conjunto-tests.cpp:(.text+0x792): undefined reference to `Conjunto<int>::pertenece(int const&) const'
/usr/bin/ld: conjunto-tests.cpp:(.text+0x867): undefined reference to `Conjunto<int>::pertenece(int const&) const'
/usr/bin/ld: conjunto-tests.cpp:(.text+0x945): undefined reference to `Conjunto<int>::~Conjunto()'
/usr/bin/ld: conjunto-tests.cpp:(.text+0xaca): undefined reference to `Conjunto<int>::~Conjunto()'
/usr/bin/ld: /tmp/ccPspzmp.o: in function `conjunto_test_test_insertar_remover_un_valor_Test::TestBody()':
conjunto-tests.cpp:(.text+0xb10): undefined reference to `Conjunto<int>::Conjunto()'
/usr/bin/ld: conjunto-tests.cpp:(.text+0xb2a): undefined reference to `Conjunto<int>::insertar(int const&)'
/usr/bin/ld: conjunto-tests.cpp:(.text+0xb44): undefined reference to `Conjunto<int>::remover(int const&)'
/usr/bin/ld: conjunto-tests.cpp:(.text+0xb57): undefined reference to `Conjunto<int>::cardinal() const'
/usr/bin/ld: conjunto-tests.cpp:(.text+0xc1e): undefined reference to `Conjunto<int>::insertar(int const&)'
/usr/bin/ld: conjunto-tests.cpp:(.text+0xc31): undefined reference to `Conjunto<int>::cardinal() const'
/usr/bin/ld: conjunto-tests.cpp:(.text+0xcea): undefined reference to `Conjunto<int>::~Conjunto()'
/usr/bin/ld: conjunto-tests.cpp:(.text+0xda9): undefined reference to `Conjunto<int>::~Conjunto()'
/usr/bin/ld: /tmp/ccPspzmp.o: in function `conjunto_test_test_minimo_Test::TestBody()':
conjunto-tests.cpp:(.text+0xdec): undefined reference to `Conjunto<int>::Conjunto()'
/usr/bin/ld: conjunto-tests.cpp:(.text+0xe06): undefined reference to `Conjunto<int>::insertar(int const&)'
/usr/bin/ld: conjunto-tests.cpp:(.text+0xe20): undefined reference to `Conjunto<int>::insertar(int const&)'
/usr/bin/ld: conjunto-tests.cpp:(.text+0xe3a): undefined reference to `Conjunto<int>::insertar(int const&)'
/usr/bin/ld: conjunto-tests.cpp:(.text+0xe54): undefined reference to `Conjunto<int>::insertar(int const&)'
/usr/bin/ld: conjunto-tests.cpp:(.text+0xe6e): undefined reference to `Conjunto<int>::insertar(int const&)'
/usr/bin/ld: conjunto-tests.cpp:(.text+0xe81): undefined reference to `Conjunto<int>::minimo() const'
/usr/bin/ld: conjunto-tests.cpp:(.text+0xf36): undefined reference to `Conjunto<int>::~Conjunto()'
/usr/bin/ld: conjunto-tests.cpp:(.text+0xfa3): undefined reference to `Conjunto<int>::~Conjunto()'
/usr/bin/ld: /tmp/ccPspzmp.o: in function `conjunto_test_test_maximo_Test::TestBody()':
conjunto-tests.cpp:(.text+0xfe6): undefined reference to `Conjunto<int>::Conjunto()'
/usr/bin/ld: conjunto-tests.cpp:(.text+0x1000): undefined reference to `Conjunto<int>::insertar(int const&)'
/usr/bin/ld: conjunto-tests.cpp:(.text+0x101a): undefined reference to `Conjunto<int>::insertar(int const&)'
/usr/bin/ld: conjunto-tests.cpp:(.text+0x1034): undefined reference to `Conjunto<int>::insertar(int const&)'
/usr/bin/ld: conjunto-tests.cpp:(.text+0x104e): undefined reference to `Conjunto<int>::insertar(int const&)'
/usr/bin/ld: conjunto-tests.cpp:(.text+0x1068): undefined reference to `Conjunto<int>::insertar(int const&)'
/usr/bin/ld: conjunto-tests.cpp:(.text+0x107b): undefined reference to `Conjunto<int>::maximo() const'
/usr/bin/ld: conjunto-tests.cpp:(.text+0x1130): undefined reference to `Conjunto<int>::~Conjunto()'
/usr/bin/ld: conjunto-tests.cpp:(.text+0x119d): undefined reference to `Conjunto<int>::~Conjunto()'
/usr/bin/ld: /tmp/ccPspzmp.o: in function `conjunto_test_test_remover_caso_un_hijo_Test::TestBody()':
conjunto-tests.cpp:(.text+0x11e0): undefined reference to `Conjunto<int>::Conjunto()'
/usr/bin/ld: conjunto-tests.cpp:(.text+0x11fa): undefined reference to `Conjunto<int>::insertar(int const&)'
/usr/bin/ld: conjunto-tests.cpp:(.text+0x1214): undefined reference to `Conjunto<int>::insertar(int const&)'
/usr/bin/ld: conjunto-tests.cpp:(.text+0x122e): undefined reference to `Conjunto<int>::insertar(int const&)'
/usr/bin/ld: conjunto-tests.cpp:(.text+0x1248): undefined reference to `Conjunto<int>::remover(int const&)'
/usr/bin/ld: conjunto-tests.cpp:(.text+0x125b): undefined reference to `Conjunto<int>::cardinal() const'
/usr/bin/ld: conjunto-tests.cpp:(.text+0x1314): undefined reference to `Conjunto<int>::~Conjunto()'
/usr/bin/ld: conjunto-tests.cpp:(.text+0x1381): undefined reference to `Conjunto<int>::~Conjunto()'
/usr/bin/ld: /tmp/ccPspzmp.o: in function `conjunto_test_test_remover_caso_dos_hijos_simple_Test::TestBody()':
conjunto-tests.cpp:(.text+0x13c4): undefined reference to `Conjunto<int>::Conjunto()'
/usr/bin/ld: conjunto-tests.cpp:(.text+0x13de): undefined reference to `Conjunto<int>::insertar(int const&)'
/usr/bin/ld: conjunto-tests.cpp:(.text+0x13f8): undefined reference to `Conjunto<int>::insertar(int const&)'
/usr/bin/ld: conjunto-tests.cpp:(.text+0x1412): undefined reference to `Conjunto<int>::insertar(int const&)'
/usr/bin/ld: conjunto-tests.cpp:(.text+0x142c): undefined reference to `Conjunto<int>::insertar(int const&)'
/usr/bin/ld: conjunto-tests.cpp:(.text+0x1446): undefined reference to `Conjunto<int>::insertar(int const&)'
/usr/bin/ld: conjunto-tests.cpp:(.text+0x1460): undefined reference to `Conjunto<int>::remover(int const&)'
/usr/bin/ld: conjunto-tests.cpp:(.text+0x1473): undefined reference to `Conjunto<int>::cardinal() const'
/usr/bin/ld: conjunto-tests.cpp:(.text+0x152c): undefined reference to `Conjunto<int>::~Conjunto()'
/usr/bin/ld: conjunto-tests.cpp:(.text+0x1599): undefined reference to `Conjunto<int>::~Conjunto()'
/usr/bin/ld: /tmp/ccPspzmp.o: in function `conjunto_test_test_remover_caso_dos_hijos_raiz_Test::TestBody()':
conjunto-tests.cpp:(.text+0x15dc): undefined reference to `Conjunto<int>::Conjunto()'
/usr/bin/ld: conjunto-tests.cpp:(.text+0x15f6): undefined reference to `Conjunto<int>::insertar(int const&)'
/usr/bin/ld: conjunto-tests.cpp:(.text+0x1610): undefined reference to `Conjunto<int>::insertar(int const&)'
/usr/bin/ld: conjunto-tests.cpp:(.text+0x162a): undefined reference to `Conjunto<int>::insertar(int const&)'
/usr/bin/ld: conjunto-tests.cpp:(.text+0x1644): undefined reference to `Conjunto<int>::insertar(int const&)'
/usr/bin/ld: conjunto-tests.cpp:(.text+0x165e): undefined reference to `Conjunto<int>::insertar(int const&)'
/usr/bin/ld: conjunto-tests.cpp:(.text+0x1678): undefined reference to `Conjunto<int>::remover(int const&)'
/usr/bin/ld: conjunto-tests.cpp:(.text+0x168b): undefined reference to `Conjunto<int>::cardinal() const'
/usr/bin/ld: conjunto-tests.cpp:(.text+0x1744): undefined reference to `Conjunto<int>::~Conjunto()'
/usr/bin/ld: conjunto-tests.cpp:(.text+0x17b1): undefined reference to `Conjunto<int>::~Conjunto()'
/usr/bin/ld: /tmp/ccPspzmp.o: in function `conjunto_test_test_remover_caso_dos_hijos_doble_Test::TestBody()':
conjunto-tests.cpp:(.text+0x17f4): undefined reference to `Conjunto<int>::Conjunto()'
/usr/bin/ld: conjunto-tests.cpp:(.text+0x180e): undefined reference to `Conjunto<int>::insertar(int const&)'
/usr/bin/ld: conjunto-tests.cpp:(.text+0x1828): undefined reference to `Conjunto<int>::insertar(int const&)'
/usr/bin/ld: conjunto-tests.cpp:(.text+0x1842): undefined reference to `Conjunto<int>::insertar(int const&)'
/usr/bin/ld: conjunto-tests.cpp:(.text+0x185c): undefined reference to `Conjunto<int>::insertar(int const&)'
/usr/bin/ld: conjunto-tests.cpp:(.text+0x1876): undefined reference to `Conjunto<int>::insertar(int const&)'
/usr/bin/ld: /tmp/ccPspzmp.o:conjunto-tests.cpp:(.text+0x1890): more undefined references to `Conjunto<int>::insertar(int const&)' follow
/usr/bin/ld: /tmp/ccPspzmp.o: in function `conjunto_test_test_remover_caso_dos_hijos_doble_Test::TestBody()':
conjunto-tests.cpp:(.text+0x18f8): undefined reference to `Conjunto<int>::remover(int const&)'
/usr/bin/ld: conjunto-tests.cpp:(.text+0x190b): undefined reference to `Conjunto<int>::cardinal() const'
/usr/bin/ld: conjunto-tests.cpp:(.text+0x19c4): undefined reference to `Conjunto<int>::~Conjunto()'
/usr/bin/ld: conjunto-tests.cpp:(.text+0x1a31): undefined reference to `Conjunto<int>::~Conjunto()'
/usr/bin/ld: /tmp/ccPspzmp.o: in function `conjunto_test_test_siguiente_inorder_Test::TestBody()':
conjunto-tests.cpp:(.text+0x1a74): undefined reference to `Conjunto<int>::Conjunto()'
/usr/bin/ld: conjunto-tests.cpp:(.text+0x1a8e): undefined reference to `Conjunto<int>::insertar(int const&)'
/usr/bin/ld: conjunto-tests.cpp:(.text+0x1aa8): undefined reference to `Conjunto<int>::insertar(int const&)'
/usr/bin/ld: conjunto-tests.cpp:(.text+0x1ac2): undefined reference to `Conjunto<int>::insertar(int const&)'
/usr/bin/ld: conjunto-tests.cpp:(.text+0x1adc): undefined reference to `Conjunto<int>::insertar(int const&)'
/usr/bin/ld: conjunto-tests.cpp:(.text+0x1af6): undefined reference to `Conjunto<int>::insertar(int const&)'
/usr/bin/ld: /tmp/ccPspzmp.o:conjunto-tests.cpp:(.text+0x1b10): more undefined references to `Conjunto<int>::insertar(int const&)' follow
/usr/bin/ld: /tmp/ccPspzmp.o: in function `conjunto_test_test_siguiente_inorder_Test::TestBody()':
conjunto-tests.cpp:(.text+0x1b7f): undefined reference to `Conjunto<int>::siguiente(int const&)'
/usr/bin/ld: conjunto-tests.cpp:(.text+0x1c49): undefined reference to `Conjunto<int>::siguiente(int const&)'
/usr/bin/ld: conjunto-tests.cpp:(.text+0x1d13): undefined reference to `Conjunto<int>::siguiente(int const&)'
/usr/bin/ld: conjunto-tests.cpp:(.text+0x1dc8): undefined reference to `Conjunto<int>::~Conjunto()'
/usr/bin/ld: conjunto-tests.cpp:(.text+0x1ed5): undefined reference to `Conjunto<int>::~Conjunto()'
/usr/bin/ld: /tmp/ccPspzmp.o: in function `conjunto_test_test_stress_Test::TestBody()':
conjunto-tests.cpp:(.text+0x1f6c): undefined reference to `Conjunto<int>::Conjunto()'
/usr/bin/ld: conjunto-tests.cpp:(.text+0x1fa6): undefined reference to `Conjunto<int>::cardinal() const'
/usr/bin/ld: conjunto-tests.cpp:(.text+0x2087): undefined reference to `Conjunto<int>::pertenece(int const&) const'
/usr/bin/ld: conjunto-tests.cpp:(.text+0x218d): undefined reference to `Conjunto<int>::insertar(int const&)'
/usr/bin/ld: conjunto-tests.cpp:(.text+0x21a3): undefined reference to `Conjunto<int>::pertenece(int const&) const'
/usr/bin/ld: conjunto-tests.cpp:(.text+0x22b6): undefined reference to `Conjunto<int>::cardinal() const'
/usr/bin/ld: conjunto-tests.cpp:(.text+0x23c3): undefined reference to `Conjunto<int>::pertenece(int const&) const'
/usr/bin/ld: conjunto-tests.cpp:(.text+0x24c0): undefined reference to `Conjunto<int>::insertar(int const&)'
/usr/bin/ld: conjunto-tests.cpp:(.text+0x24d6): undefined reference to `Conjunto<int>::pertenece(int const&) const'
/usr/bin/ld: conjunto-tests.cpp:(.text+0x25c9): undefined reference to `Conjunto<int>::cardinal() const'
/usr/bin/ld: conjunto-tests.cpp:(.text+0x26e0): undefined reference to `Conjunto<int>::pertenece(int const&) const'
/usr/bin/ld: conjunto-tests.cpp:(.text+0x27ee): undefined reference to `Conjunto<int>::remover(int const&)'
/usr/bin/ld: conjunto-tests.cpp:(.text+0x2804): undefined reference to `Conjunto<int>::pertenece(int const&) const'
/usr/bin/ld: conjunto-tests.cpp:(.text+0x2913): undefined reference to `Conjunto<int>::cardinal() const'
/usr/bin/ld: conjunto-tests.cpp:(.text+0x2a31): undefined reference to `Conjunto<int>::pertenece(int const&) const'
/usr/bin/ld: conjunto-tests.cpp:(.text+0x2b36): undefined reference to `Conjunto<int>::pertenece(int const&) const'
/usr/bin/ld: conjunto-tests.cpp:(.text+0x2c33): undefined reference to `Conjunto<int>::remover(int const&)'
/usr/bin/ld: conjunto-tests.cpp:(.text+0x2c49): undefined reference to `Conjunto<int>::pertenece(int const&) const'
/usr/bin/ld: conjunto-tests.cpp:(.text+0x2d58): undefined reference to `Conjunto<int>::cardinal() const'
/usr/bin/ld: conjunto-tests.cpp:(.text+0x2e65): undefined reference to `Conjunto<int>::pertenece(int const&) const'
/usr/bin/ld: conjunto-tests.cpp:(.text+0x2f6f): undefined reference to `Conjunto<int>::~Conjunto()'
/usr/bin/ld: conjunto-tests.cpp:(.text+0x347a): undefined reference to `Conjunto<int>::~Conjunto()'
collect2: error: ld returned 1 exit status
