[==========] Running 10 tests from 1 test suite.
[----------] Global test environment set-up.
[----------] 10 tests from string_map_test
[ RUN      ] string_map_test.vacio
[       OK ] string_map_test.vacio (13 ms)
[ RUN      ] string_map_test.asignar
[       OK ] string_map_test.asignar (6 ms)
[ RUN      ] string_map_test.obtener
[       OK ] string_map_test.obtener (10 ms)
[ RUN      ] string_map_test.redefinir
[       OK ] string_map_test.redefinir (6 ms)
[ RUN      ] string_map_test.count
[       OK ] string_map_test.count (16 ms)
[ RUN      ] string_map_test.copiar
[       OK ] string_map_test.copiar (25 ms)
[ RUN      ] string_map_test.no_aliasing
[       OK ] string_map_test.no_aliasing (4 ms)
[ RUN      ] string_map_test.TrieDeTries
[       OK ] string_map_test.TrieDeTries (43 ms)
[ RUN      ] string_map_test.eraseUnicaClave
[       OK ] string_map_test.eraseUnicaClave (5 ms)
[ RUN      ] string_map_test.erase
[       OK ] string_map_test.erase (14 ms)
[----------] 10 tests from string_map_test (147 ms total)

[----------] Global test environment tear-down
[==========] 10 tests from 1 test suite ran. (174 ms total)
[  PASSED  ] 10 tests.
