In file included from ../../../../../taller2/conjunto-tests.cpp:2:
./Conjunto.hpp: In instantiation of ‘Conjunto<T>::Conjunto() [with T = int]’:
../../../../../taller2/conjunto-tests.cpp:9:19:   required from here
./Conjunto.h:67:15: warning: ‘Conjunto<int>::_raiz’ will be initialized after [-Wreorder]
   67 |         Nodo* _raiz;
      |               ^~~~~
./Conjunto.h:51:22: warning:   ‘unsigned int Conjunto<int>::_cardinal’ [-Wreorder]
   51 |         unsigned int _cardinal;
      |                      ^~~~~~~~~
In file included from ./Conjunto.h:79,
                 from ../../../../../taller2/conjunto-tests.cpp:2:
./Conjunto.hpp:3:1: warning:   when initialized here [-Wreorder]
    3 | Conjunto<T>::Conjunto() : _raiz(nullptr), _cardinal(0) {
      | ^~~~~~~~~~~
In file included from ../../../../../taller2/conjunto-tests.cpp:1:
../../../../../taller2/gtest-1.8.1/gtest.h: In instantiation of ‘testing::AssertionResult testing::internal::CmpHelperEQ(const char*, const char*, const T1&, const T2&) [with T1 = unsigned int; T2 = int]’:
../../../../../taller2/gtest-1.8.1/gtest.h:21235:23:   required from ‘static testing::AssertionResult testing::internal::EqHelper<lhs_is_null_literal>::Compare(const char*, const char*, const T1&, const T2&) [with T1 = unsigned int; T2 = int; bool lhs_is_null_literal = false]’
../../../../../taller2/conjunto-tests.cpp:10:5:   required from here
../../../../../taller2/gtest-1.8.1/gtest.h:21207:11: warning: comparison of integer expressions of different signedness: ‘const unsigned int’ and ‘const int’ [-Wsign-compare]
21207 |   if (lhs == rhs) {
      |       ~~~~^~~~~~
In file included from ./Conjunto.h:79,
                 from ../../../../../taller2/conjunto-tests.cpp:2:
./Conjunto.hpp: In member function ‘const T& Conjunto<T>::siguiente(const T&) [with T = int]’:
./Conjunto.hpp:165:1: warning: control reaches end of non-void function [-Wreturn-type]
  165 | }
      | ^
